22:24:52 **** Incremental Build of configuration Release for project LCD ****
make all 
Building file: /home/xasin/RoboNet/Code/LCD.cpp
Invoking: AVR C++ Compiler
avr-g++ -Wall -Os -fpack-struct -fshort-enums -ffunction-sections -fdata-sections -funsigned-char -funsigned-bitfields -fno-exceptions -mmcu=atmega644p -DF_CPU=16000000UL -MMD -MP -MF"LCD.d" -MT"LCD.d" -c -o "LCD.o" "/home/xasin/RoboNet/Code/LCD.cpp"
Finished building: /home/xasin/RoboNet/Code/LCD.cpp
 
Building file: ../main.cpp
Invoking: AVR C++ Compiler
avr-g++ -Wall -Os -fpack-struct -fshort-enums -ffunction-sections -fdata-sections -funsigned-char -funsigned-bitfields -fno-exceptions -mmcu=atmega644p -DF_CPU=16000000UL -MMD -MP -MF"main.d" -MT"main.d" -c -o "main.o" "../main.cpp"
Finished building: ../main.cpp
 
Building target: LCD.elf
Invoking: AVR C++ Linker
avr-g++ -Wl,-Map,LCD.map,--cref -mrelax -Wl,--gc-sections -mmcu=atmega644p -o "LCD.elf"  ./LCD.o ./main.o   
Finished building target: LCD.elf
 
Invoking: AVR Create Extended Listing
avr-objdump -h -S LCD.elf  >"LCD.lss"
Finished building: LCD.lss
 
Create Flash image (ihex format)
avr-objcopy -R .eeprom -R .fuse -R .lock -R .signature -O ihex LCD.elf  "LCD.hex"
Finished building: LCD.hex
 
Create eeprom image (ihex format)
avr-objcopy -j .eeprom --no-change-warnings --change-section-lma .eeprom=0 -O ihex LCD.elf  "LCD.eep"
Finished building: LCD.eep
 
Invoking: Print Size
avr-size --format=avr --mcu=atmega644p LCD.elf
AVR Memory Usage
----------------
Device: atmega644p

Program:     836 bytes (1.3% Full)
(.text + .data + .bootloader)

Data:          6 bytes (0.1% Full)
(.data + .bss + .noinit)


Finished building: sizedummy
 
22:24:53 **** Incremental Build of configuration Release for project LCD ****
make all 
Invoking: Print Size
avr-size --format=avr --mcu=atmega644p LCD.elf
AVR Memory Usage
----------------
Device: atmega644p

Program:     836 bytes (1.3% Full)
(.text + .data + .bootloader)

Data:          6 bytes (0.1% Full)
(.data + .bss + .noinit)


Finished building: sizedummy
 
22:25:14 **** Incremental Build of configuration Release for project LCD ****
make all 
Building file: ../main.cpp
Invoking: AVR C++ Compiler
avr-g++ -Wall -Os -fpack-struct -fshort-enums -ffunction-sections -fdata-sections -funsigned-char -funsigned-bitfields -fno-exceptions -mmcu=atmega644p -DF_CPU=16000000UL -MMD -MP -MF"main.d" -MT"main.d" -c -o "main.o" "../main.cpp"
Finished building: ../main.cpp
 
Building target: LCD.elf
Invoking: AVR C++ Linker
avr-g++ -Wl,-Map,LCD.map,--cref -mrelax -Wl,--gc-sections -mmcu=atmega644p -o "LCD.elf"  ./LCD.o ./main.o   
Finished building target: LCD.elf
 
Invoking: AVR Create Extended Listing
avr-objdump -h -S LCD.elf  >"LCD.lss"
Finished building: LCD.lss
 
Create Flash image (ihex format)
avr-objcopy -R .eeprom -R .fuse -R .lock -R .signature -O ihex LCD.elf  "LCD.hex"
Finished building: LCD.hex
 
Create eeprom image (ihex format)
avr-objcopy -j .eeprom --no-change-warnings --change-section-lma .eeprom=0 -O ihex LCD.elf  "LCD.eep"
Finished building: LCD.eep
 
Invoking: Print Size
avr-size --format=avr --mcu=atmega644p LCD.elf
AVR Memory Usage
----------------
Device: atmega644p

Program:     854 bytes (1.3% Full)
(.text + .data + .bootloader)

Data:          6 bytes (0.1% Full)
(.data + .bss + .noinit)


Finished building: sizedummy
 
22:27:19 **** Incremental Build of configuration Release for project LCD ****
make all 
Building file: /home/xasin/RoboNet/Code/LCD.cpp
Invoking: AVR C++ Compiler
avr-g++ -Wall -Os -fpack-struct -fshort-enums -ffunction-sections -fdata-sections -funsigned-char -funsigned-bitfields -fno-exceptions -mmcu=atmega644p -DF_CPU=16000000UL -MMD -MP -MF"LCD.d" -MT"LCD.d" -c -o "LCD.o" "/home/xasin/RoboNet/Code/LCD.cpp"
Finished building: /home/xasin/RoboNet/Code/LCD.cpp
 
Building file: ../main.cpp
Invoking: AVR C++ Compiler
avr-g++ -Wall -Os -fpack-struct -fshort-enums -ffunction-sections -fdata-sections -funsigned-char -funsigned-bitfields -fno-exceptions -mmcu=atmega644p -DF_CPU=16000000UL -MMD -MP -MF"main.d" -MT"main.d" -c -o "main.o" "../main.cpp"
Finished building: ../main.cpp
 
Building target: LCD.elf
Invoking: AVR C++ Linker
avr-g++ -Wl,-Map,LCD.map,--cref -mrelax -Wl,--gc-sections -mmcu=atmega644p -o "LCD.elf"  ./LCD.o ./main.o   
Finished building target: LCD.elf
 
Invoking: AVR Create Extended Listing
avr-objdump -h -S LCD.elf  >"LCD.lss"
Finished building: LCD.lss
 
Create Flash image (ihex format)
avr-objcopy -R .eeprom -R .fuse -R .lock -R .signature -O ihex LCD.elf  "LCD.hex"
Finished building: LCD.hex
 
Create eeprom image (ihex format)
avr-objcopy -j .eeprom --no-change-warnings --change-section-lma .eeprom=0 -O ihex LCD.elf  "LCD.eep"
Finished building: LCD.eep
 
Invoking: Print Size
avr-size --format=avr --mcu=atmega644p LCD.elf
AVR Memory Usage
----------------
Device: atmega644p

Program:     874 bytes (1.3% Full)
(.text + .data + .bootloader)

Data:          6 bytes (0.1% Full)
(.data + .bss + .noinit)


Finished building: sizedummy
 
22:28:34 **** Incremental Build of configuration Release for project LCD ****
make all 
Building file: ../main.cpp
Invoking: AVR C++ Compiler
avr-g++ -Wall -Os -fpack-struct -fshort-enums -ffunction-sections -fdata-sections -funsigned-char -funsigned-bitfields -fno-exceptions -mmcu=atmega644p -DF_CPU=16000000UL -MMD -MP -MF"main.d" -MT"main.d" -c -o "main.o" "../main.cpp"
Finished building: ../main.cpp
 
Building target: LCD.elf
Invoking: AVR C++ Linker
avr-g++ -Wl,-Map,LCD.map,--cref -mrelax -Wl,--gc-sections -mmcu=atmega644p -o "LCD.elf"  ./LCD.o ./main.o   
Finished building target: LCD.elf
 
Invoking: AVR Create Extended Listing
avr-objdump -h -S LCD.elf  >"LCD.lss"
Finished building: LCD.lss
 
Create Flash image (ihex format)
avr-objcopy -R .eeprom -R .fuse -R .lock -R .signature -O ihex LCD.elf  "LCD.hex"
Finished building: LCD.hex
 
Create eeprom image (ihex format)
avr-objcopy -j .eeprom --no-change-warnings --change-section-lma .eeprom=0 -O ihex LCD.elf  "LCD.eep"
Finished building: LCD.eep
 
Invoking: Print Size
avr-size --format=avr --mcu=atmega644p LCD.elf
AVR Memory Usage
----------------
Device: atmega644p

Program:     856 bytes (1.3% Full)
(.text + .data + .bootloader)

Data:          6 bytes (0.1% Full)
(.data + .bss + .noinit)


Finished building: sizedummy
 
22:29:44 **** Incremental Build of configuration Release for project LCD ****
make all 
Building file: /home/xasin/RoboNet/Code/LCD.cpp
Invoking: AVR C++ Compiler
avr-g++ -Wall -Os -fpack-struct -fshort-enums -ffunction-sections -fdata-sections -funsigned-char -funsigned-bitfields -fno-exceptions -mmcu=atmega644p -DF_CPU=16000000UL -MMD -MP -MF"LCD.d" -MT"LCD.d" -c -o "LCD.o" "/home/xasin/RoboNet/Code/LCD.cpp"
Finished building: /home/xasin/RoboNet/Code/LCD.cpp
 
Building file: ../main.cpp
Invoking: AVR C++ Compiler
avr-g++ -Wall -Os -fpack-struct -fshort-enums -ffunction-sections -fdata-sections -funsigned-char -funsigned-bitfields -fno-exceptions -mmcu=atmega644p -DF_CPU=16000000UL -MMD -MP -MF"main.d" -MT"main.d" -c -o "main.o" "../main.cpp"
Finished building: ../main.cpp
 
Building target: LCD.elf
Invoking: AVR C++ Linker
avr-g++ -Wl,-Map,LCD.map,--cref -mrelax -Wl,--gc-sections -mmcu=atmega644p -o "LCD.elf"  ./LCD.o ./main.o   
Finished building target: LCD.elf
 
Invoking: AVR Create Extended Listing
avr-objdump -h -S LCD.elf  >"LCD.lss"
Finished building: LCD.lss
 
Create Flash image (ihex format)
avr-objcopy -R .eeprom -R .fuse -R .lock -R .signature -O ihex LCD.elf  "LCD.hex"
Finished building: LCD.hex
 
Create eeprom image (ihex format)
avr-objcopy -j .eeprom --no-change-warnings --change-section-lma .eeprom=0 -O ihex LCD.elf  "LCD.eep"
Finished building: LCD.eep
 
Invoking: Print Size
avr-size --format=avr --mcu=atmega644p LCD.elf
AVR Memory Usage
----------------
Device: atmega644p

Program:     860 bytes (1.3% Full)
(.text + .data + .bootloader)

Data:          6 bytes (0.1% Full)
(.data + .bss + .noinit)


Finished building: sizedummy
 
22:33:39 **** Incremental Build of configuration Release for project LCD ****
make all 
Building file: /home/xasin/RoboNet/Code/LCD.cpp
Invoking: AVR C++ Compiler
avr-g++ -Wall -Os -fpack-struct -fshort-enums -ffunction-sections -fdata-sections -funsigned-char -funsigned-bitfields -fno-exceptions -mmcu=atmega644p -DF_CPU=16000000UL -MMD -MP -MF"LCD.d" -MT"LCD.d" -c -o "LCD.o" "/home/xasin/RoboNet/Code/LCD.cpp"
Finished building: /home/xasin/RoboNet/Code/LCD.cpp
 
Building file: ../main.cpp
Invoking: AVR C++ Compiler
avr-g++ -Wall -Os -fpack-struct -fshort-enums -ffunction-sections -fdata-sections -funsigned-char -funsigned-bitfields -fno-exceptions -mmcu=atmega644p -DF_CPU=16000000UL -MMD -MP -MF"main.d" -MT"main.d" -c -o "main.o" "../main.cpp"
Finished building: ../main.cpp
 
Building target: LCD.elf
Invoking: AVR C++ Linker
avr-g++ -Wl,-Map,LCD.map,--cref -mrelax -Wl,--gc-sections -mmcu=atmega644p -o "LCD.elf"  ./LCD.o ./main.o   
Finished building target: LCD.elf
 
Invoking: AVR Create Extended Listing
avr-objdump -h -S LCD.elf  >"LCD.lss"
Finished building: LCD.lss
 
Create Flash image (ihex format)
avr-objcopy -R .eeprom -R .fuse -R .lock -R .signature -O ihex LCD.elf  "LCD.hex"
Finished building: LCD.hex
 
Create eeprom image (ihex format)
avr-objcopy -j .eeprom --no-change-warnings --change-section-lma .eeprom=0 -O ihex LCD.elf  "LCD.eep"
Finished building: LCD.eep
 
Invoking: Print Size
avr-size --format=avr --mcu=atmega644p LCD.elf
AVR Memory Usage
----------------
Device: atmega644p

Program:     874 bytes (1.3% Full)
(.text + .data + .bootloader)

Data:          6 bytes (0.1% Full)
(.data + .bss + .noinit)


Finished building: sizedummy
 
22:35:12 **** Incremental Build of configuration Release for project LCD ****
make all 
Building file: /home/xasin/RoboNet/Code/LCD.cpp
Invoking: AVR C++ Compiler
avr-g++ -Wall -Os -fpack-struct -fshort-enums -ffunction-sections -fdata-sections -funsigned-char -funsigned-bitfields -fno-exceptions -mmcu=atmega644p -DF_CPU=16000000UL -MMD -MP -MF"LCD.d" -MT"LCD.d" -c -o "LCD.o" "/home/xasin/RoboNet/Code/LCD.cpp"
Finished building: /home/xasin/RoboNet/Code/LCD.cpp
 
Building file: ../main.cpp
Invoking: AVR C++ Compiler
avr-g++ -Wall -Os -fpack-struct -fshort-enums -ffunction-sections -fdata-sections -funsigned-char -funsigned-bitfields -fno-exceptions -mmcu=atmega644p -DF_CPU=16000000UL -MMD -MP -MF"main.d" -MT"main.d" -c -o "main.o" "../main.cpp"
Finished building: ../main.cpp
 
Building target: LCD.elf
Invoking: AVR C++ Linker
avr-g++ -Wl,-Map,LCD.map,--cref -mrelax -Wl,--gc-sections -mmcu=atmega644p -o "LCD.elf"  ./LCD.o ./main.o   
Finished building target: LCD.elf
 
Invoking: AVR Create Extended Listing
avr-objdump -h -S LCD.elf  >"LCD.lss"
Finished building: LCD.lss
 
Create Flash image (ihex format)
avr-objcopy -R .eeprom -R .fuse -R .lock -R .signature -O ihex LCD.elf  "LCD.hex"
Finished building: LCD.hex
 
Create eeprom image (ihex format)
avr-objcopy -j .eeprom --no-change-warnings --change-section-lma .eeprom=0 -O ihex LCD.elf  "LCD.eep"
Finished building: LCD.eep
 
Invoking: Print Size
avr-size --format=avr --mcu=atmega644p LCD.elf
AVR Memory Usage
----------------
Device: atmega644p

Program:     866 bytes (1.3% Full)
(.text + .data + .bootloader)

Data:          6 bytes (0.1% Full)
(.data + .bss + .noinit)


Finished building: sizedummy
 
22:35:57 **** Incremental Build of configuration Release for project LCD ****
make all 
Building file: /home/xasin/RoboNet/Code/LCD.cpp
Invoking: AVR C++ Compiler
avr-g++ -Wall -Os -fpack-struct -fshort-enums -ffunction-sections -fdata-sections -funsigned-char -funsigned-bitfields -fno-exceptions -mmcu=atmega644p -DF_CPU=16000000UL -MMD -MP -MF"LCD.d" -MT"LCD.d" -c -o "LCD.o" "/home/xasin/RoboNet/Code/LCD.cpp"
Finished building: /home/xasin/RoboNet/Code/LCD.cpp
 
Building file: ../main.cpp
Invoking: AVR C++ Compiler
avr-g++ -Wall -Os -fpack-struct -fshort-enums -ffunction-sections -fdata-sections -funsigned-char -funsigned-bitfields -fno-exceptions -mmcu=atmega644p -DF_CPU=16000000UL -MMD -MP -MF"main.d" -MT"main.d" -c -o "main.o" "../main.cpp"
Finished building: ../main.cpp
 
Building target: LCD.elf
Invoking: AVR C++ Linker
avr-g++ -Wl,-Map,LCD.map,--cref -mrelax -Wl,--gc-sections -mmcu=atmega644p -o "LCD.elf"  ./LCD.o ./main.o   
Finished building target: LCD.elf
 
Invoking: AVR Create Extended Listing
avr-objdump -h -S LCD.elf  >"LCD.lss"
Finished building: LCD.lss
 
Create Flash image (ihex format)
avr-objcopy -R .eeprom -R .fuse -R .lock -R .signature -O ihex LCD.elf  "LCD.hex"
Finished building: LCD.hex
 
Create eeprom image (ihex format)
avr-objcopy -j .eeprom --no-change-warnings --change-section-lma .eeprom=0 -O ihex LCD.elf  "LCD.eep"
Finished building: LCD.eep
 
Invoking: Print Size
avr-size --format=avr --mcu=atmega644p LCD.elf
AVR Memory Usage
----------------
Device: atmega644p

Program:     876 bytes (1.3% Full)
(.text + .data + .bootloader)

Data:          6 bytes (0.1% Full)
(.data + .bss + .noinit)


Finished building: sizedummy
 
22:36:12 **** Incremental Build of configuration Release for project LCD ****
make all 
Building file: /home/xasin/RoboNet/Code/LCD.cpp
Invoking: AVR C++ Compiler
avr-g++ -Wall -Os -fpack-struct -fshort-enums -ffunction-sections -fdata-sections -funsigned-char -funsigned-bitfields -fno-exceptions -mmcu=atmega644p -DF_CPU=16000000UL -MMD -MP -MF"LCD.d" -MT"LCD.d" -c -o "LCD.o" "/home/xasin/RoboNet/Code/LCD.cpp"
Finished building: /home/xasin/RoboNet/Code/LCD.cpp
 
Building file: ../main.cpp
Invoking: AVR C++ Compiler
avr-g++ -Wall -Os -fpack-struct -fshort-enums -ffunction-sections -fdata-sections -funsigned-char -funsigned-bitfields -fno-exceptions -mmcu=atmega644p -DF_CPU=16000000UL -MMD -MP -MF"main.d" -MT"main.d" -c -o "main.o" "../main.cpp"
Finished building: ../main.cpp
 
Building target: LCD.elf
Invoking: AVR C++ Linker
avr-g++ -Wl,-Map,LCD.map,--cref -mrelax -Wl,--gc-sections -mmcu=atmega644p -o "LCD.elf"  ./LCD.o ./main.o   
Finished building target: LCD.elf
 
Invoking: AVR Create Extended Listing
avr-objdump -h -S LCD.elf  >"LCD.lss"
Finished building: LCD.lss
 
Create Flash image (ihex format)
avr-objcopy -R .eeprom -R .fuse -R .lock -R .signature -O ihex LCD.elf  "LCD.hex"
Finished building: LCD.hex
 
Create eeprom image (ihex format)
avr-objcopy -j .eeprom --no-change-warnings --change-section-lma .eeprom=0 -O ihex LCD.elf  "LCD.eep"
Finished building: LCD.eep
 
Invoking: Print Size
avr-size --format=avr --mcu=atmega644p LCD.elf
AVR Memory Usage
----------------
Device: atmega644p

Program:     876 bytes (1.3% Full)
(.text + .data + .bootloader)

Data:          6 bytes (0.1% Full)
(.data + .bss + .noinit)


Finished building: sizedummy
 
22:36:42 **** Incremental Build of configuration Release for project LCD ****
make all 
Building file: /home/xasin/RoboNet/Code/LCD.cpp
Invoking: AVR C++ Compiler
avr-g++ -Wall -Os -fpack-struct -fshort-enums -ffunction-sections -fdata-sections -funsigned-char -funsigned-bitfields -fno-exceptions -mmcu=atmega644p -DF_CPU=16000000UL -MMD -MP -MF"LCD.d" -MT"LCD.d" -c -o "LCD.o" "/home/xasin/RoboNet/Code/LCD.cpp"
Finished building: /home/xasin/RoboNet/Code/LCD.cpp
 
Building file: ../main.cpp
Invoking: AVR C++ Compiler
avr-g++ -Wall -Os -fpack-struct -fshort-enums -ffunction-sections -fdata-sections -funsigned-char -funsigned-bitfields -fno-exceptions -mmcu=atmega644p -DF_CPU=16000000UL -MMD -MP -MF"main.d" -MT"main.d" -c -o "main.o" "../main.cpp"
Finished building: ../main.cpp
 
Building target: LCD.elf
Invoking: AVR C++ Linker
avr-g++ -Wl,-Map,LCD.map,--cref -mrelax -Wl,--gc-sections -mmcu=atmega644p -o "LCD.elf"  ./LCD.o ./main.o   
Finished building target: LCD.elf
 
Invoking: AVR Create Extended Listing
avr-objdump -h -S LCD.elf  >"LCD.lss"
Finished building: LCD.lss
 
Create Flash image (ihex format)
avr-objcopy -R .eeprom -R .fuse -R .lock -R .signature -O ihex LCD.elf  "LCD.hex"
Finished building: LCD.hex
 
Create eeprom image (ihex format)
avr-objcopy -j .eeprom --no-change-warnings --change-section-lma .eeprom=0 -O ihex LCD.elf  "LCD.eep"
Finished building: LCD.eep
 
Invoking: Print Size
avr-size --format=avr --mcu=atmega644p LCD.elf
AVR Memory Usage
----------------
Device: atmega644p

Program:     876 bytes (1.3% Full)
(.text + .data + .bootloader)

Data:          6 bytes (0.1% Full)
(.data + .bss + .noinit)


Finished building: sizedummy
 
22:37:03 **** Incremental Build of configuration Release for project LCD ****
make all 
Building file: /home/xasin/RoboNet/Code/LCD.cpp
Invoking: AVR C++ Compiler
avr-g++ -Wall -Os -fpack-struct -fshort-enums -ffunction-sections -fdata-sections -funsigned-char -funsigned-bitfields -fno-exceptions -mmcu=atmega644p -DF_CPU=16000000UL -MMD -MP -MF"LCD.d" -MT"LCD.d" -c -o "LCD.o" "/home/xasin/RoboNet/Code/LCD.cpp"
Finished building: /home/xasin/RoboNet/Code/LCD.cpp
 
Building file: ../main.cpp
Invoking: AVR C++ Compiler
avr-g++ -Wall -Os -fpack-struct -fshort-enums -ffunction-sections -fdata-sections -funsigned-char -funsigned-bitfields -fno-exceptions -mmcu=atmega644p -DF_CPU=16000000UL -MMD -MP -MF"main.d" -MT"main.d" -c -o "main.o" "../main.cpp"
Finished building: ../main.cpp
 
Building target: LCD.elf
Invoking: AVR C++ Linker
avr-g++ -Wl,-Map,LCD.map,--cref -mrelax -Wl,--gc-sections -mmcu=atmega644p -o "LCD.elf"  ./LCD.o ./main.o   
Finished building target: LCD.elf
 
Invoking: AVR Create Extended Listing
avr-objdump -h -S LCD.elf  >"LCD.lss"
Finished building: LCD.lss
 
Create Flash image (ihex format)
avr-objcopy -R .eeprom -R .fuse -R .lock -R .signature -O ihex LCD.elf  "LCD.hex"
Finished building: LCD.hex
 
Create eeprom image (ihex format)
avr-objcopy -j .eeprom --no-change-warnings --change-section-lma .eeprom=0 -O ihex LCD.elf  "LCD.eep"
Finished building: LCD.eep
 
Invoking: Print Size
avr-size --format=avr --mcu=atmega644p LCD.elf
AVR Memory Usage
----------------
Device: atmega644p

Program:     876 bytes (1.3% Full)
(.text + .data + .bootloader)

Data:          6 bytes (0.1% Full)
(.data + .bss + .noinit)


Finished building: sizedummy
 
22:37:24 **** Incremental Build of configuration Release for project LCD ****
make all 
Building file: /home/xasin/RoboNet/Code/LCD.cpp
Invoking: AVR C++ Compiler
avr-g++ -Wall -Os -fpack-struct -fshort-enums -ffunction-sections -fdata-sections -funsigned-char -funsigned-bitfields -fno-exceptions -mmcu=atmega644p -DF_CPU=16000000UL -MMD -MP -MF"LCD.d" -MT"LCD.d" -c -o "LCD.o" "/home/xasin/RoboNet/Code/LCD.cpp"
Finished building: /home/xasin/RoboNet/Code/LCD.cpp
 
Building file: ../main.cpp
Invoking: AVR C++ Compiler
avr-g++ -Wall -Os -fpack-struct -fshort-enums -ffunction-sections -fdata-sections -funsigned-char -funsigned-bitfields -fno-exceptions -mmcu=atmega644p -DF_CPU=16000000UL -MMD -MP -MF"main.d" -MT"main.d" -c -o "main.o" "../main.cpp"
Finished building: ../main.cpp
 
Building target: LCD.elf
Invoking: AVR C++ Linker
avr-g++ -Wl,-Map,LCD.map,--cref -mrelax -Wl,--gc-sections -mmcu=atmega644p -o "LCD.elf"  ./LCD.o ./main.o   
Finished building target: LCD.elf
 
Invoking: AVR Create Extended Listing
avr-objdump -h -S LCD.elf  >"LCD.lss"
Finished building: LCD.lss
 
Create Flash image (ihex format)
avr-objcopy -R .eeprom -R .fuse -R .lock -R .signature -O ihex LCD.elf  "LCD.hex"
Finished building: LCD.hex
 
Create eeprom image (ihex format)
avr-objcopy -j .eeprom --no-change-warnings --change-section-lma .eeprom=0 -O ihex LCD.elf  "LCD.eep"
Finished building: LCD.eep
 
Invoking: Print Size
avr-size --format=avr --mcu=atmega644p LCD.elf
AVR Memory Usage
----------------
Device: atmega644p

Program:     876 bytes (1.3% Full)
(.text + .data + .bootloader)

Data:          6 bytes (0.1% Full)
(.data + .bss + .noinit)


Finished building: sizedummy
 
22:39:09 **** Incremental Build of configuration Release for project LCD ****
make all 
Building file: /home/xasin/RoboNet/Code/LCD.cpp
Invoking: AVR C++ Compiler
avr-g++ -Wall -Os -fpack-struct -fshort-enums -ffunction-sections -fdata-sections -funsigned-char -funsigned-bitfields -fno-exceptions -mmcu=atmega644p -DF_CPU=16000000UL -MMD -MP -MF"LCD.d" -MT"LCD.d" -c -o "LCD.o" "/home/xasin/RoboNet/Code/LCD.cpp"
Finished building: /home/xasin/RoboNet/Code/LCD.cpp
 
Building file: ../main.cpp
Invoking: AVR C++ Compiler
avr-g++ -Wall -Os -fpack-struct -fshort-enums -ffunction-sections -fdata-sections -funsigned-char -funsigned-bitfields -fno-exceptions -mmcu=atmega644p -DF_CPU=16000000UL -MMD -MP -MF"main.d" -MT"main.d" -c -o "main.o" "../main.cpp"
Finished building: ../main.cpp
 
Building target: LCD.elf
Invoking: AVR C++ Linker
avr-g++ -Wl,-Map,LCD.map,--cref -mrelax -Wl,--gc-sections -mmcu=atmega644p -o "LCD.elf"  ./LCD.o ./main.o   
Finished building target: LCD.elf
 
Invoking: AVR Create Extended Listing
avr-objdump -h -S LCD.elf  >"LCD.lss"
Finished building: LCD.lss
 
Create Flash image (ihex format)
avr-objcopy -R .eeprom -R .fuse -R .lock -R .signature -O ihex LCD.elf  "LCD.hex"
Finished building: LCD.hex
 
Create eeprom image (ihex format)
avr-objcopy -j .eeprom --no-change-warnings --change-section-lma .eeprom=0 -O ihex LCD.elf  "LCD.eep"
Finished building: LCD.eep
 
Invoking: Print Size
avr-size --format=avr --mcu=atmega644p LCD.elf
AVR Memory Usage
----------------
Device: atmega644p

Program:     876 bytes (1.3% Full)
(.text + .data + .bootloader)

Data:          6 bytes (0.1% Full)
(.data + .bss + .noinit)


Finished building: sizedummy
 
22:39:24 **** Incremental Build of configuration Release for project LCD ****
make all 
Building file: /home/xasin/RoboNet/Code/LCD.cpp
Invoking: AVR C++ Compiler
avr-g++ -Wall -Os -fpack-struct -fshort-enums -ffunction-sections -fdata-sections -funsigned-char -funsigned-bitfields -fno-exceptions -mmcu=atmega644p -DF_CPU=16000000UL -MMD -MP -MF"LCD.d" -MT"LCD.d" -c -o "LCD.o" "/home/xasin/RoboNet/Code/LCD.cpp"
Finished building: /home/xasin/RoboNet/Code/LCD.cpp
 
Building file: ../main.cpp
Invoking: AVR C++ Compiler
avr-g++ -Wall -Os -fpack-struct -fshort-enums -ffunction-sections -fdata-sections -funsigned-char -funsigned-bitfields -fno-exceptions -mmcu=atmega644p -DF_CPU=16000000UL -MMD -MP -MF"main.d" -MT"main.d" -c -o "main.o" "../main.cpp"
Finished building: ../main.cpp
 
Building target: LCD.elf
Invoking: AVR C++ Linker
avr-g++ -Wl,-Map,LCD.map,--cref -mrelax -Wl,--gc-sections -mmcu=atmega644p -o "LCD.elf"  ./LCD.o ./main.o   
Finished building target: LCD.elf
 
Invoking: AVR Create Extended Listing
avr-objdump -h -S LCD.elf  >"LCD.lss"
Finished building: LCD.lss
 
Create Flash image (ihex format)
avr-objcopy -R .eeprom -R .fuse -R .lock -R .signature -O ihex LCD.elf  "LCD.hex"
Finished building: LCD.hex
 
Create eeprom image (ihex format)
avr-objcopy -j .eeprom --no-change-warnings --change-section-lma .eeprom=0 -O ihex LCD.elf  "LCD.eep"
Finished building: LCD.eep
 
Invoking: Print Size
avr-size --format=avr --mcu=atmega644p LCD.elf
AVR Memory Usage
----------------
Device: atmega644p

Program:     876 bytes (1.3% Full)
(.text + .data + .bootloader)

Data:          6 bytes (0.1% Full)
(.data + .bss + .noinit)


Finished building: sizedummy
 
22:45:09 **** Incremental Build of configuration Release for project LCD ****
make all 
Building file: /home/xasin/RoboNet/Code/LCD.cpp
Invoking: AVR C++ Compiler
avr-g++ -Wall -Os -fpack-struct -fshort-enums -ffunction-sections -fdata-sections -funsigned-char -funsigned-bitfields -fno-exceptions -mmcu=atmega644p -DF_CPU=16000000UL -MMD -MP -MF"LCD.d" -MT"LCD.d" -c -o "LCD.o" "/home/xasin/RoboNet/Code/LCD.cpp"
Finished building: /home/xasin/RoboNet/Code/LCD.cpp
 
Building file: ../main.cpp
Invoking: AVR C++ Compiler
avr-g++ -Wall -Os -fpack-struct -fshort-enums -ffunction-sections -fdata-sections -funsigned-char -funsigned-bitfields -fno-exceptions -mmcu=atmega644p -DF_CPU=16000000UL -MMD -MP -MF"main.d" -MT"main.d" -c -o "main.o" "../main.cpp"
Finished building: ../main.cpp
 
Building target: LCD.elf
Invoking: AVR C++ Linker
avr-g++ -Wl,-Map,LCD.map,--cref -mrelax -Wl,--gc-sections -mmcu=atmega644p -o "LCD.elf"  ./LCD.o ./main.o   
Finished building target: LCD.elf
 
Invoking: AVR Create Extended Listing
avr-objdump -h -S LCD.elf  >"LCD.lss"
Finished building: LCD.lss
 
Create Flash image (ihex format)
avr-objcopy -R .eeprom -R .fuse -R .lock -R .signature -O ihex LCD.elf  "LCD.hex"
Finished building: LCD.hex
 
Create eeprom image (ihex format)
avr-objcopy -j .eeprom --no-change-warnings --change-section-lma .eeprom=0 -O ihex LCD.elf  "LCD.eep"
Finished building: LCD.eep
 
Invoking: Print Size
avr-size --format=avr --mcu=atmega644p LCD.elf
AVR Memory Usage
----------------
Device: atmega644p

Program:     882 bytes (1.3% Full)
(.text + .data + .bootloader)

Data:          6 bytes (0.1% Full)
(.data + .bss + .noinit)


Finished building: sizedummy
 
22:54:36 **** Incremental Build of configuration Release for project LCD ****
make all 
Building file: ../main.cpp
Invoking: AVR C++ Compiler
avr-g++ -Wall -Os -fpack-struct -fshort-enums -ffunction-sections -fdata-sections -funsigned-char -funsigned-bitfields -fno-exceptions -mmcu=atmega644p -DF_CPU=16000000UL -MMD -MP -MF"main.d" -MT"main.d" -c -o "main.o" "../main.cpp"
Finished building: ../main.cpp
 
Building target: LCD.elf
Invoking: AVR C++ Linker
avr-g++ -Wl,-Map,LCD.map,--cref -mrelax -Wl,--gc-sections -mmcu=atmega644p -o "LCD.elf"  ./LCD.o ./main.o   
Finished building target: LCD.elf
 
Invoking: AVR Create Extended Listing
avr-objdump -h -S LCD.elf  >"LCD.lss"
Finished building: LCD.lss
 
Create Flash image (ihex format)
avr-objcopy -R .eeprom -R .fuse -R .lock -R .signature -O ihex LCD.elf  "LCD.hex"
Finished building: LCD.hex
 
Create eeprom image (ihex format)
avr-objcopy -j .eeprom --no-change-warnings --change-section-lma .eeprom=0 -O ihex LCD.elf  "LCD.eep"
Finished building: LCD.eep
 
Invoking: Print Size
avr-size --format=avr --mcu=atmega644p LCD.elf
AVR Memory Usage
----------------
Device: atmega644p

Program:     894 bytes (1.4% Full)
(.text + .data + .bootloader)

Data:          6 bytes (0.1% Full)
(.data + .bss + .noinit)


Finished building: sizedummy
 
22:56:19 **** Incremental Build of configuration Release for project LCD ****
make all 
Building file: /home/xasin/RoboNet/Code/LCD.cpp
Invoking: AVR C++ Compiler
avr-g++ -Wall -Os -fpack-struct -fshort-enums -ffunction-sections -fdata-sections -funsigned-char -funsigned-bitfields -fno-exceptions -mmcu=atmega644p -DF_CPU=16000000UL -MMD -MP -MF"LCD.d" -MT"LCD.d" -c -o "LCD.o" "/home/xasin/RoboNet/Code/LCD.cpp"
Finished building: /home/xasin/RoboNet/Code/LCD.cpp
 
Building file: ../main.cpp
Invoking: AVR C++ Compiler
avr-g++ -Wall -Os -fpack-struct -fshort-enums -ffunction-sections -fdata-sections -funsigned-char -funsigned-bitfields -fno-exceptions -mmcu=atmega644p -DF_CPU=16000000UL -MMD -MP -MF"main.d" -MT"main.d" -c -o "main.o" "../main.cpp"
Finished building: ../main.cpp
 
Building target: LCD.elf
Invoking: AVR C++ Linker
avr-g++ -Wl,-Map,LCD.map,--cref -mrelax -Wl,--gc-sections -mmcu=atmega644p -o "LCD.elf"  ./LCD.o ./main.o   
Finished building target: LCD.elf
 
Invoking: AVR Create Extended Listing
avr-objdump -h -S LCD.elf  >"LCD.lss"
Finished building: LCD.lss
 
Create Flash image (ihex format)
avr-objcopy -R .eeprom -R .fuse -R .lock -R .signature -O ihex LCD.elf  "LCD.hex"
Finished building: LCD.hex
 
Create eeprom image (ihex format)
avr-objcopy -j .eeprom --no-change-warnings --change-section-lma .eeprom=0 -O ihex LCD.elf  "LCD.eep"
Finished building: LCD.eep
 
Invoking: Print Size
avr-size --format=avr --mcu=atmega644p LCD.elf
AVR Memory Usage
----------------
Device: atmega644p

Program:     900 bytes (1.4% Full)
(.text + .data + .bootloader)

Data:          6 bytes (0.1% Full)
(.data + .bss + .noinit)


Finished building: sizedummy
 
22:58:08 **** Incremental Build of configuration Release for project LCD ****
make all 
Building file: ../main.cpp
Invoking: AVR C++ Compiler
avr-g++ -Wall -Os -fpack-struct -fshort-enums -ffunction-sections -fdata-sections -funsigned-char -funsigned-bitfields -fno-exceptions -mmcu=atmega644p -DF_CPU=16000000UL -MMD -MP -MF"main.d" -MT"main.d" -c -o "main.o" "../main.cpp"
Finished building: ../main.cpp
 
Building target: LCD.elf
Invoking: AVR C++ Linker
avr-g++ -Wl,-Map,LCD.map,--cref -mrelax -Wl,--gc-sections -mmcu=atmega644p -o "LCD.elf"  ./LCD.o ./main.o   
Finished building target: LCD.elf
 
Invoking: AVR Create Extended Listing
avr-objdump -h -S LCD.elf  >"LCD.lss"
Finished building: LCD.lss
 
Create Flash image (ihex format)
avr-objcopy -R .eeprom -R .fuse -R .lock -R .signature -O ihex LCD.elf  "LCD.hex"
Finished building: LCD.hex
 
Create eeprom image (ihex format)
avr-objcopy -j .eeprom --no-change-warnings --change-section-lma .eeprom=0 -O ihex LCD.elf  "LCD.eep"
Finished building: LCD.eep
 
Invoking: Print Size
avr-size --format=avr --mcu=atmega644p LCD.elf
AVR Memory Usage
----------------
Device: atmega644p

Program:     900 bytes (1.4% Full)
(.text + .data + .bootloader)

Data:          6 bytes (0.1% Full)
(.data + .bss + .noinit)


Finished building: sizedummy
 
22:58:53 **** Incremental Build of configuration Release for project LCD ****
make all 
Building file: ../main.cpp
Invoking: AVR C++ Compiler
avr-g++ -Wall -Os -fpack-struct -fshort-enums -ffunction-sections -fdata-sections -funsigned-char -funsigned-bitfields -fno-exceptions -mmcu=atmega644p -DF_CPU=16000000UL -MMD -MP -MF"main.d" -MT"main.d" -c -o "main.o" "../main.cpp"
Finished building: ../main.cpp
 
Building target: LCD.elf
Invoking: AVR C++ Linker
avr-g++ -Wl,-Map,LCD.map,--cref -mrelax -Wl,--gc-sections -mmcu=atmega644p -o "LCD.elf"  ./LCD.o ./main.o   
Finished building target: LCD.elf
 
Invoking: AVR Create Extended Listing
avr-objdump -h -S LCD.elf  >"LCD.lss"
Finished building: LCD.lss
 
Create Flash image (ihex format)
avr-objcopy -R .eeprom -R .fuse -R .lock -R .signature -O ihex LCD.elf  "LCD.hex"
Finished building: LCD.hex
 
Create eeprom image (ihex format)
avr-objcopy -j .eeprom --no-change-warnings --change-section-lma .eeprom=0 -O ihex LCD.elf  "LCD.eep"
Finished building: LCD.eep
 
Invoking: Print Size
avr-size --format=avr --mcu=atmega644p LCD.elf
AVR Memory Usage
----------------
Device: atmega644p

Program:     900 bytes (1.4% Full)
(.text + .data + .bootloader)

Data:          6 bytes (0.1% Full)
(.data + .bss + .noinit)


Finished building: sizedummy
 
23:00:17 **** Incremental Build of configuration Release for project LCD ****
make all 
Building file: /home/xasin/RoboNet/Code/LCD.cpp
Invoking: AVR C++ Compiler
avr-g++ -Wall -Os -fpack-struct -fshort-enums -ffunction-sections -fdata-sections -funsigned-char -funsigned-bitfields -fno-exceptions -mmcu=atmega644p -DF_CPU=16000000UL -MMD -MP -MF"LCD.d" -MT"LCD.d" -c -o "LCD.o" "/home/xasin/RoboNet/Code/LCD.cpp"
/home/xasin/RoboNet/Code/LCD.cpp:44:36: warning: non-static data member initializers only available with -std=c++11 or -std=gnu++11 [enabled by default]
  volatile uint8_t dispData[32] = {0};
                                    ^
/home/xasin/RoboNet/Code/LCD.cpp:45:36: warning: non-static data member initializers only available with -std=c++11 or -std=gnu++11 [enabled by default]
  volatile uint8_t dispUpdate[4]= {0};
                                    ^
/home/xasin/RoboNet/Code/LCD.cpp:44:36: warning: extended initializer lists only available with -std=c++11 or -std=gnu++11 [enabled by default]
  volatile uint8_t dispData[32] = {0};
                                    ^
/home/xasin/RoboNet/Code/LCD.cpp:45:36: warning: extended initializer lists only available with -std=c++11 or -std=gnu++11 [enabled by default]
  volatile uint8_t dispUpdate[4]= {0};
                                    ^
Finished building: /home/xasin/RoboNet/Code/LCD.cpp
 
Building file: ../main.cpp
Invoking: AVR C++ Compiler
avr-g++ -Wall -Os -fpack-struct -fshort-enums -ffunction-sections -fdata-sections -funsigned-char -funsigned-bitfields -fno-exceptions -mmcu=atmega644p -DF_CPU=16000000UL -MMD -MP -MF"main.d" -MT"main.d" -c -o "main.o" "../main.cpp"
In file included from ../main.cpp:8:0:
/home/xasin/RoboNet/Code/LCD.cpp:44:36: warning: non-static data member initializers only available with -std=c++11 or -std=gnu++11 [enabled by default]
  volatile uint8_t dispData[32] = {0};
                                    ^
/home/xasin/RoboNet/Code/LCD.cpp:45:36: warning: non-static data member initializers only available with -std=c++11 or -std=gnu++11 [enabled by default]
  volatile uint8_t dispUpdate[4]= {0};
                                    ^
/home/xasin/RoboNet/Code/LCD.cpp:44:36: warning: extended initializer lists only available with -std=c++11 or -std=gnu++11 [enabled by default]
  volatile uint8_t dispData[32] = {0};
                                    ^
/home/xasin/RoboNet/Code/LCD.cpp:45:36: warning: extended initializer lists only available with -std=c++11 or -std=gnu++11 [enabled by default]
  volatile uint8_t dispUpdate[4]= {0};
                                    ^
Finished building: ../main.cpp
 
Building target: LCD.elf
Invoking: AVR C++ Linker
avr-g++ -Wl,-Map,LCD.map,--cref -mrelax -Wl,--gc-sections -mmcu=atmega644p -o "LCD.elf"  ./LCD.o ./main.o   
Finished building target: LCD.elf
 
Invoking: AVR Create Extended Listing
avr-objdump -h -S LCD.elf  >"LCD.lss"
Finished building: LCD.lss
 
Create Flash image (ihex format)
avr-objcopy -R .eeprom -R .fuse -R .lock -R .signature -O ihex LCD.elf  "LCD.hex"
Finished building: LCD.hex
 
Create eeprom image (ihex format)
avr-objcopy -j .eeprom --no-change-warnings --change-section-lma .eeprom=0 -O ihex LCD.elf  "LCD.eep"
Finished building: LCD.eep
 
Invoking: Print Size
avr-size --format=avr --mcu=atmega644p LCD.elf
AVR Memory Usage
----------------
Device: atmega644p

Program:     910 bytes (1.4% Full)
(.text + .data + .bootloader)

Data:          6 bytes (0.1% Full)
(.data + .bss + .noinit)


Finished building: sizedummy
 
23:00:37 **** Incremental Build of configuration Release for project LCD ****
make all 
Invoking: Print Size
avr-size --format=avr --mcu=atmega644p LCD.elf
AVR Memory Usage
----------------
Device: atmega644p

Program:     910 bytes (1.4% Full)
(.text + .data + .bootloader)

Data:          6 bytes (0.1% Full)
(.data + .bss + .noinit)


Finished building: sizedummy
 
23:05:06 **** Incremental Build of configuration Release for project LCD ****
make all 
Building file: ../main.cpp
Invoking: AVR C++ Compiler
avr-g++ -Wall -Os -fpack-struct -fshort-enums -ffunction-sections -fdata-sections -funsigned-char -funsigned-bitfields -fno-exceptions -mmcu=atmega644p -DF_CPU=16000000UL -MMD -MP -MF"main.d" -MT"main.d" -c -o "main.o" "../main.cpp"
In file included from ../main.cpp:8:0:
/home/xasin/RoboNet/Code/LCD.cpp:44:36: warning: non-static data member initializers only available with -std=c++11 or -std=gnu++11 [enabled by default]
  volatile uint8_t dispData[32] = {0};
                                    ^
/home/xasin/RoboNet/Code/LCD.cpp:45:36: warning: non-static data member initializers only available with -std=c++11 or -std=gnu++11 [enabled by default]
  volatile uint8_t dispUpdate[4]= {0};
                                    ^
/home/xasin/RoboNet/Code/LCD.cpp:44:36: warning: extended initializer lists only available with -std=c++11 or -std=gnu++11 [enabled by default]
  volatile uint8_t dispData[32] = {0};
                                    ^
/home/xasin/RoboNet/Code/LCD.cpp:45:36: warning: extended initializer lists only available with -std=c++11 or -std=gnu++11 [enabled by default]
  volatile uint8_t dispUpdate[4]= {0};
                                    ^
Finished building: ../main.cpp
 
Building target: LCD.elf
Invoking: AVR C++ Linker
avr-g++ -Wl,-Map,LCD.map,--cref -mrelax -Wl,--gc-sections -mmcu=atmega644p -o "LCD.elf"  ./LCD.o ./main.o   
Finished building target: LCD.elf
 
Invoking: AVR Create Extended Listing
avr-objdump -h -S LCD.elf  >"LCD.lss"
Finished building: LCD.lss
 
Create Flash image (ihex format)
avr-objcopy -R .eeprom -R .fuse -R .lock -R .signature -O ihex LCD.elf  "LCD.hex"
Finished building: LCD.hex
 
Create eeprom image (ihex format)
avr-objcopy -j .eeprom --no-change-warnings --change-section-lma .eeprom=0 -O ihex LCD.elf  "LCD.eep"
Finished building: LCD.eep
 
Invoking: Print Size
avr-size --format=avr --mcu=atmega644p LCD.elf
AVR Memory Usage
----------------
Device: atmega644p

Program:     914 bytes (1.4% Full)
(.text + .data + .bootloader)

Data:          6 bytes (0.1% Full)
(.data + .bss + .noinit)


Finished building: sizedummy
 
