21:40:33 **** Incremental Build of configuration Release for project LCD ****
make all 
Building file: ../main.cpp
Invoking: AVR C++ Compiler
avr-g++ -Wall -Os -fpack-struct -fshort-enums -ffunction-sections -fdata-sections -funsigned-char -funsigned-bitfields -fno-exceptions -mmcu=atmega644p -DF_CPU=16000000UL -MMD -MP -MF"main.d" -MT"main.d" -c -o "main.o" "../main.cpp"
Finished building: ../main.cpp
 
Building target: LCD.elf
Invoking: AVR C++ Linker
avr-g++ -Wl,-Map,LCD.map,--cref -mrelax -Wl,--gc-sections -mmcu=atmega644p -o "LCD.elf"  ./Code/LCD.o  ./PWMLed.o ./main.o   
./main.o: In function `__vector_13':
main.cpp:(.text.__vector_13+0x26): undefined reference to `LCD::updateDisplay()'
main.cpp:(.text.__vector_13+0x6c): undefined reference to `PWMLed::updatePWM()'
main.cpp:(.text.__vector_13+0x74): undefined reference to `PWMLed::updatePWM()'
./main.o: In function `main':
main.cpp:(.text.startup.main+0x2c): undefined reference to `LCD::cursorMode(unsigned char)'
main.cpp:(.text.startup.main+0x36): undefined reference to `PWMLed::setPWM(unsigned char)'
main.cpp:(.text.startup.main+0x40): undefined reference to `PWMLed::setPWM(unsigned char)'
main.cpp:(.text.startup.main+0x5c): undefined reference to `PWMLed::setPWM(unsigned char)'
main.cpp:(.text.startup.main+0x66): undefined reference to `PWMLed::setPWM(unsigned char)'
./main.o: In function `_GLOBAL__sub_I_disp':
main.cpp:(.text.startup._GLOBAL__sub_I_disp+0x10): undefined reference to `LCD::LCD(unsigned char volatile*, unsigned char volatile*, unsigned char volatile*)'
main.cpp:(.text.startup._GLOBAL__sub_I_disp+0x20): undefined reference to `PWMLed::PWMLed(unsigned char volatile*, unsigned char, unsigned char)'
main.cpp:(.text.startup._GLOBAL__sub_I_disp+0x30): undefined reference to `PWMLed::PWMLed(unsigned char volatile*, unsigned char, unsigned char)'
collect2: error: ld returned 1 exit status
make: *** [LCD.elf] Error 1

21:40:33 Build Finished (took 62ms)

